[2018-10-19T17:20:31.374] [INFO] Brew_pub - <!DOCTYPE html>
	<html>
	  <head>
		<meta name="viewport" content="width=device-width, initial-scale=1">
		<meta charset="utf-8">
		<title>No such app</title>
		<style media="screen">
		  html,body,iframe {
			margin: 0;
			padding: 0;
		  }
		  html,body {
			height: 100%;
			overflow: hidden;
		  }
		  iframe {
			width: 100%;
			height: 100%;
			border: 0;
		  }
		</style>
	  </head>
	  <body>
		<iframe src="//www.herokucdn.com/error-pages/no-such-app.html"></iframe>
	  </body>
	</html>
[2018-10-19T17:21:31.304] [INFO] Brew_pub - <!DOCTYPE html>
	<html>
	  <head>
		<meta name="viewport" content="width=device-width, initial-scale=1">
		<meta charset="utf-8">
		<title>No such app</title>
		<style media="screen">
		  html,body,iframe {
			margin: 0;
			padding: 0;
		  }
		  html,body {
			height: 100%;
			overflow: hidden;
		  }
		  iframe {
			width: 100%;
			height: 100%;
			border: 0;
		  }
		</style>
	  </head>
	  <body>
		<iframe src="//www.herokucdn.com/error-pages/no-such-app.html"></iframe>
	  </body>
	</html>
[2018-10-19T17:22:31.228] [INFO] Brew_pub - <!DOCTYPE html>
	<html>
	  <head>
		<meta name="viewport" content="width=device-width, initial-scale=1">
		<meta charset="utf-8">
		<title>No such app</title>
		<style media="screen">
		  html,body,iframe {
			margin: 0;
			padding: 0;
		  }
		  html,body {
			height: 100%;
			overflow: hidden;
		  }
		  iframe {
			width: 100%;
			height: 100%;
			border: 0;
		  }
		</style>
	  </head>
	  <body>
		<iframe src="//www.herokucdn.com/error-pages/no-such-app.html"></iframe>
	  </body>
	</html>
[2018-10-19T17:23:31.120] [INFO] Brew_pub - <!DOCTYPE html>
	<html>
	  <head>
		<meta name="viewport" content="width=device-width, initial-scale=1">
		<meta charset="utf-8">
		<title>No such app</title>
		<style media="screen">
		  html,body,iframe {
			margin: 0;
			padding: 0;
		  }
		  html,body {
			height: 100%;
			overflow: hidden;
		  }
		  iframe {
			width: 100%;
			height: 100%;
			border: 0;
		  }
		</style>
	  </head>
	  <body>
		<iframe src="//www.herokucdn.com/error-pages/no-such-app.html"></iframe>
	  </body>
	</html>
[2018-10-19T17:24:31.296] [INFO] Brew_pub - <!DOCTYPE html>
	<html>
	  <head>
		<meta name="viewport" content="width=device-width, initial-scale=1">
		<meta charset="utf-8">
		<title>No such app</title>
		<style media="screen">
		  html,body,iframe {
			margin: 0;
			padding: 0;
		  }
		  html,body {
			height: 100%;
			overflow: hidden;
		  }
		  iframe {
			width: 100%;
			height: 100%;
			border: 0;
		  }
		</style>
	  </head>
	  <body>
		<iframe src="//www.herokucdn.com/error-pages/no-such-app.html"></iframe>
	  </body>
	</html>
[2018-10-19T17:25:31.269] [INFO] Brew_pub - <!DOCTYPE html>
	<html>
	  <head>
		<meta name="viewport" content="width=device-width, initial-scale=1">
		<meta charset="utf-8">
		<title>No such app</title>
		<style media="screen">
		  html,body,iframe {
			margin: 0;
			padding: 0;
		  }
		  html,body {
			height: 100%;
			overflow: hidden;
		  }
		  iframe {
			width: 100%;
			height: 100%;
			border: 0;
		  }
		</style>
	  </head>
	  <body>
		<iframe src="//www.herokucdn.com/error-pages/no-such-app.html"></iframe>
	  </body>
	</html>
[2018-10-19T17:26:31.042] [INFO] Brew_pub - <!DOCTYPE html>
	<html>
	  <head>
		<meta name="viewport" content="width=device-width, initial-scale=1">
		<meta charset="utf-8">
		<title>No such app</title>
		<style media="screen">
		  html,body,iframe {
			margin: 0;
			padding: 0;
		  }
		  html,body {
			height: 100%;
			overflow: hidden;
		  }
		  iframe {
			width: 100%;
			height: 100%;
			border: 0;
		  }
		</style>
	  </head>
	  <body>
		<iframe src="//www.herokucdn.com/error-pages/no-such-app.html"></iframe>
	  </body>
	</html>
[2018-10-19T17:27:31.280] [INFO] Brew_pub - <!DOCTYPE html>
	<html>
	  <head>
		<meta name="viewport" content="width=device-width, initial-scale=1">
		<meta charset="utf-8">
		<title>No such app</title>
		<style media="screen">
		  html,body,iframe {
			margin: 0;
			padding: 0;
		  }
		  html,body {
			height: 100%;
			overflow: hidden;
		  }
		  iframe {
			width: 100%;
			height: 100%;
			border: 0;
		  }
		</style>
	  </head>
	  <body>
		<iframe src="//www.herokucdn.com/error-pages/no-such-app.html"></iframe>
	  </body>
	</html>
[2018-10-19T17:28:31.217] [INFO] Brew_pub - <!DOCTYPE html>
	<html>
	  <head>
		<meta name="viewport" content="width=device-width, initial-scale=1">
		<meta charset="utf-8">
		<title>No such app</title>
		<style media="screen">
		  html,body,iframe {
			margin: 0;
			padding: 0;
		  }
		  html,body {
			height: 100%;
			overflow: hidden;
		  }
		  iframe {
			width: 100%;
			height: 100%;
			border: 0;
		  }
		</style>
	  </head>
	  <body>
		<iframe src="//www.herokucdn.com/error-pages/no-such-app.html"></iframe>
	  </body>
	</html>
[2018-10-19T17:29:31.217] [INFO] Brew_pub - <!DOCTYPE html>
	<html>
	  <head>
		<meta name="viewport" content="width=device-width, initial-scale=1">
		<meta charset="utf-8">
		<title>No such app</title>
		<style media="screen">
		  html,body,iframe {
			margin: 0;
			padding: 0;
		  }
		  html,body {
			height: 100%;
			overflow: hidden;
		  }
		  iframe {
			width: 100%;
			height: 100%;
			border: 0;
		  }
		</style>
	  </head>
	  <body>
		<iframe src="//www.herokucdn.com/error-pages/no-such-app.html"></iframe>
	  </body>
	</html>
[2018-10-19T17:30:31.157] [INFO] Brew_pub - <!DOCTYPE html>
	<html>
	  <head>
		<meta name="viewport" content="width=device-width, initial-scale=1">
		<meta charset="utf-8">
		<title>No such app</title>
		<style media="screen">
		  html,body,iframe {
			margin: 0;
			padding: 0;
		  }
		  html,body {
			height: 100%;
			overflow: hidden;
		  }
		  iframe {
			width: 100%;
			height: 100%;
			border: 0;
		  }
		</style>
	  </head>
	  <body>
		<iframe src="//www.herokucdn.com/error-pages/no-such-app.html"></iframe>
	  </body>
	</html>
[2018-10-19T17:31:31.216] [INFO] Brew_pub - <!DOCTYPE html>
	<html>
	  <head>
		<meta name="viewport" content="width=device-width, initial-scale=1">
		<meta charset="utf-8">
		<title>No such app</title>
		<style media="screen">
		  html,body,iframe {
			margin: 0;
			padding: 0;
		  }
		  html,body {
			height: 100%;
			overflow: hidden;
		  }
		  iframe {
			width: 100%;
			height: 100%;
			border: 0;
		  }
		</style>
	  </head>
	  <body>
		<iframe src="//www.herokucdn.com/error-pages/no-such-app.html"></iframe>
	  </body>
	</html>
[2018-10-19T17:32:31.193] [INFO] Brew_pub - <!DOCTYPE html>
	<html>
	  <head>
		<meta name="viewport" content="width=device-width, initial-scale=1">
		<meta charset="utf-8">
		<title>No such app</title>
		<style media="screen">
		  html,body,iframe {
			margin: 0;
			padding: 0;
		  }
		  html,body {
			height: 100%;
			overflow: hidden;
		  }
		  iframe {
			width: 100%;
			height: 100%;
			border: 0;
		  }
		</style>
	  </head>
	  <body>
		<iframe src="//www.herokucdn.com/error-pages/no-such-app.html"></iframe>
	  </body>
	</html>
[2018-10-19T17:33:31.268] [INFO] Brew_pub - <!DOCTYPE html>
	<html>
	  <head>
		<meta name="viewport" content="width=device-width, initial-scale=1">
		<meta charset="utf-8">
		<title>No such app</title>
		<style media="screen">
		  html,body,iframe {
			margin: 0;
			padding: 0;
		  }
		  html,body {
			height: 100%;
			overflow: hidden;
		  }
		  iframe {
			width: 100%;
			height: 100%;
			border: 0;
		  }
		</style>
	  </head>
	  <body>
		<iframe src="//www.herokucdn.com/error-pages/no-such-app.html"></iframe>
	  </body>
	</html>
[2018-10-19T17:34:31.199] [INFO] Brew_pub - <!DOCTYPE html>
	<html>
	  <head>
		<meta name="viewport" content="width=device-width, initial-scale=1">
		<meta charset="utf-8">
		<title>No such app</title>
		<style media="screen">
		  html,body,iframe {
			margin: 0;
			padding: 0;
		  }
		  html,body {
			height: 100%;
			overflow: hidden;
		  }
		  iframe {
			width: 100%;
			height: 100%;
			border: 0;
		  }
		</style>
	  </head>
	  <body>
		<iframe src="//www.herokucdn.com/error-pages/no-such-app.html"></iframe>
	  </body>
	</html>
[2018-10-19T17:35:31.408] [INFO] Brew_pub - <!DOCTYPE html>
	<html>
	  <head>
		<meta name="viewport" content="width=device-width, initial-scale=1">
		<meta charset="utf-8">
		<title>No such app</title>
		<style media="screen">
		  html,body,iframe {
			margin: 0;
			padding: 0;
		  }
		  html,body {
			height: 100%;
			overflow: hidden;
		  }
		  iframe {
			width: 100%;
			height: 100%;
			border: 0;
		  }
		</style>
	  </head>
	  <body>
		<iframe src="//www.herokucdn.com/error-pages/no-such-app.html"></iframe>
	  </body>
	</html>
[2018-10-19T17:36:31.044] [INFO] Brew_pub - <!DOCTYPE html>
	<html>
	  <head>
		<meta name="viewport" content="width=device-width, initial-scale=1">
		<meta charset="utf-8">
		<title>No such app</title>
		<style media="screen">
		  html,body,iframe {
			margin: 0;
			padding: 0;
		  }
		  html,body {
			height: 100%;
			overflow: hidden;
		  }
		  iframe {
			width: 100%;
			height: 100%;
			border: 0;
		  }
		</style>
	  </head>
	  <body>
		<iframe src="//www.herokucdn.com/error-pages/no-such-app.html"></iframe>
	  </body>
	</html>
[2018-10-19T17:37:31.213] [INFO] Brew_pub - <!DOCTYPE html>
	<html>
	  <head>
		<meta name="viewport" content="width=device-width, initial-scale=1">
		<meta charset="utf-8">
		<title>No such app</title>
		<style media="screen">
		  html,body,iframe {
			margin: 0;
			padding: 0;
		  }
		  html,body {
			height: 100%;
			overflow: hidden;
		  }
		  iframe {
			width: 100%;
			height: 100%;
			border: 0;
		  }
		</style>
	  </head>
	  <body>
		<iframe src="//www.herokucdn.com/error-pages/no-such-app.html"></iframe>
	  </body>
	</html>
[2018-10-19T17:38:31.132] [INFO] Brew_pub - <!DOCTYPE html>
	<html>
	  <head>
		<meta name="viewport" content="width=device-width, initial-scale=1">
		<meta charset="utf-8">
		<title>No such app</title>
		<style media="screen">
		  html,body,iframe {
			margin: 0;
			padding: 0;
		  }
		  html,body {
			height: 100%;
			overflow: hidden;
		  }
		  iframe {
			width: 100%;
			height: 100%;
			border: 0;
		  }
		</style>
	  </head>
	  <body>
		<iframe src="//www.herokucdn.com/error-pages/no-such-app.html"></iframe>
	  </body>
	</html>
[2018-10-19T17:39:31.194] [INFO] Brew_pub - <!DOCTYPE html>
	<html>
	  <head>
		<meta name="viewport" content="width=device-width, initial-scale=1">
		<meta charset="utf-8">
		<title>No such app</title>
		<style media="screen">
		  html,body,iframe {
			margin: 0;
			padding: 0;
		  }
		  html,body {
			height: 100%;
			overflow: hidden;
		  }
		  iframe {
			width: 100%;
			height: 100%;
			border: 0;
		  }
		</style>
	  </head>
	  <body>
		<iframe src="//www.herokucdn.com/error-pages/no-such-app.html"></iframe>
	  </body>
	</html>
[2018-10-19T17:40:31.296] [INFO] Brew_pub - <!DOCTYPE html>
	<html>
	  <head>
		<meta name="viewport" content="width=device-width, initial-scale=1">
		<meta charset="utf-8">
		<title>No such app</title>
		<style media="screen">
		  html,body,iframe {
			margin: 0;
			padding: 0;
		  }
		  html,body {
			height: 100%;
			overflow: hidden;
		  }
		  iframe {
			width: 100%;
			height: 100%;
			border: 0;
		  }
		</style>
	  </head>
	  <body>
		<iframe src="//www.herokucdn.com/error-pages/no-such-app.html"></iframe>
	  </body>
	</html>
[2018-10-19T17:41:31.274] [INFO] Brew_pub - <!DOCTYPE html>
	<html>
	  <head>
		<meta name="viewport" content="width=device-width, initial-scale=1">
		<meta charset="utf-8">
		<title>No such app</title>
		<style media="screen">
		  html,body,iframe {
			margin: 0;
			padding: 0;
		  }
		  html,body {
			height: 100%;
			overflow: hidden;
		  }
		  iframe {
			width: 100%;
			height: 100%;
			border: 0;
		  }
		</style>
	  </head>
	  <body>
		<iframe src="//www.herokucdn.com/error-pages/no-such-app.html"></iframe>
	  </body>
	</html>
[2018-10-19T17:42:31.002] [INFO] Brew_pub - <!DOCTYPE html>
	<html>
	  <head>
		<meta name="viewport" content="width=device-width, initial-scale=1">
		<meta charset="utf-8">
		<title>No such app</title>
		<style media="screen">
		  html,body,iframe {
			margin: 0;
			padding: 0;
		  }
		  html,body {
			height: 100%;
			overflow: hidden;
		  }
		  iframe {
			width: 100%;
			height: 100%;
			border: 0;
		  }
		</style>
	  </head>
	  <body>
		<iframe src="//www.herokucdn.com/error-pages/no-such-app.html"></iframe>
	  </body>
	</html>
[2018-10-19T17:43:31.287] [INFO] Brew_pub - <!DOCTYPE html>
	<html>
	  <head>
		<meta name="viewport" content="width=device-width, initial-scale=1">
		<meta charset="utf-8">
		<title>No such app</title>
		<style media="screen">
		  html,body,iframe {
			margin: 0;
			padding: 0;
		  }
		  html,body {
			height: 100%;
			overflow: hidden;
		  }
		  iframe {
			width: 100%;
			height: 100%;
			border: 0;
		  }
		</style>
	  </head>
	  <body>
		<iframe src="//www.herokucdn.com/error-pages/no-such-app.html"></iframe>
	  </body>
	</html>
[2018-10-19T17:44:31.262] [INFO] Brew_pub - <!DOCTYPE html>
	<html>
	  <head>
		<meta name="viewport" content="width=device-width, initial-scale=1">
		<meta charset="utf-8">
		<title>No such app</title>
		<style media="screen">
		  html,body,iframe {
			margin: 0;
			padding: 0;
		  }
		  html,body {
			height: 100%;
			overflow: hidden;
		  }
		  iframe {
			width: 100%;
			height: 100%;
			border: 0;
		  }
		</style>
	  </head>
	  <body>
		<iframe src="//www.herokucdn.com/error-pages/no-such-app.html"></iframe>
	  </body>
	</html>
[2018-10-19T17:45:31.033] [INFO] Brew_pub - <!DOCTYPE html>
	<html>
	  <head>
		<meta name="viewport" content="width=device-width, initial-scale=1">
		<meta charset="utf-8">
		<title>No such app</title>
		<style media="screen">
		  html,body,iframe {
			margin: 0;
			padding: 0;
		  }
		  html,body {
			height: 100%;
			overflow: hidden;
		  }
		  iframe {
			width: 100%;
			height: 100%;
			border: 0;
		  }
		</style>
	  </head>
	  <body>
		<iframe src="//www.herokucdn.com/error-pages/no-such-app.html"></iframe>
	  </body>
	</html>
[2018-10-19T17:46:31.239] [INFO] Brew_pub - <!DOCTYPE html>
	<html>
	  <head>
		<meta name="viewport" content="width=device-width, initial-scale=1">
		<meta charset="utf-8">
		<title>No such app</title>
		<style media="screen">
		  html,body,iframe {
			margin: 0;
			padding: 0;
		  }
		  html,body {
			height: 100%;
			overflow: hidden;
		  }
		  iframe {
			width: 100%;
			height: 100%;
			border: 0;
		  }
		</style>
	  </head>
	  <body>
		<iframe src="//www.herokucdn.com/error-pages/no-such-app.html"></iframe>
	  </body>
	</html>
[2018-10-19T17:47:31.217] [INFO] Brew_pub - <!DOCTYPE html>
	<html>
	  <head>
		<meta name="viewport" content="width=device-width, initial-scale=1">
		<meta charset="utf-8">
		<title>No such app</title>
		<style media="screen">
		  html,body,iframe {
			margin: 0;
			padding: 0;
		  }
		  html,body {
			height: 100%;
			overflow: hidden;
		  }
		  iframe {
			width: 100%;
			height: 100%;
			border: 0;
		  }
		</style>
	  </head>
	  <body>
		<iframe src="//www.herokucdn.com/error-pages/no-such-app.html"></iframe>
	  </body>
	</html>
[2018-10-19T17:48:31.232] [INFO] Brew_pub - <!DOCTYPE html>
	<html>
	  <head>
		<meta name="viewport" content="width=device-width, initial-scale=1">
		<meta charset="utf-8">
		<title>No such app</title>
		<style media="screen">
		  html,body,iframe {
			margin: 0;
			padding: 0;
		  }
		  html,body {
			height: 100%;
			overflow: hidden;
		  }
		  iframe {
			width: 100%;
			height: 100%;
			border: 0;
		  }
		</style>
	  </head>
	  <body>
		<iframe src="//www.herokucdn.com/error-pages/no-such-app.html"></iframe>
	  </body>
	</html>
[2018-10-19T17:49:31.299] [INFO] Brew_pub - <!DOCTYPE html>
	<html>
	  <head>
		<meta name="viewport" content="width=device-width, initial-scale=1">
		<meta charset="utf-8">
		<title>No such app</title>
		<style media="screen">
		  html,body,iframe {
			margin: 0;
			padding: 0;
		  }
		  html,body {
			height: 100%;
			overflow: hidden;
		  }
		  iframe {
			width: 100%;
			height: 100%;
			border: 0;
		  }
		</style>
	  </head>
	  <body>
		<iframe src="//www.herokucdn.com/error-pages/no-such-app.html"></iframe>
	  </body>
	</html>
[2018-10-19T17:52:31.242] [INFO] Brew_pub - <!DOCTYPE html>
	<html>
	  <head>
		<meta name="viewport" content="width=device-width, initial-scale=1">
		<meta charset="utf-8">
		<title>No such app</title>
		<style media="screen">
		  html,body,iframe {
			margin: 0;
			padding: 0;
		  }
		  html,body {
			height: 100%;
			overflow: hidden;
		  }
		  iframe {
			width: 100%;
			height: 100%;
			border: 0;
		  }
		</style>
	  </head>
	  <body>
		<iframe src="//www.herokucdn.com/error-pages/no-such-app.html"></iframe>
	  </body>
	</html>
[2018-10-19T17:53:31.174] [INFO] Brew_pub - <!DOCTYPE html>
	<html>
	  <head>
		<meta name="viewport" content="width=device-width, initial-scale=1">
		<meta charset="utf-8">
		<title>No such app</title>
		<style media="screen">
		  html,body,iframe {
			margin: 0;
			padding: 0;
		  }
		  html,body {
			height: 100%;
			overflow: hidden;
		  }
		  iframe {
			width: 100%;
			height: 100%;
			border: 0;
		  }
		</style>
	  </head>
	  <body>
		<iframe src="//www.herokucdn.com/error-pages/no-such-app.html"></iframe>
	  </body>
	</html>
[2018-10-19T17:54:31.164] [INFO] Brew_pub - <!DOCTYPE html>
	<html>
	  <head>
		<meta name="viewport" content="width=device-width, initial-scale=1">
		<meta charset="utf-8">
		<title>No such app</title>
		<style media="screen">
		  html,body,iframe {
			margin: 0;
			padding: 0;
		  }
		  html,body {
			height: 100%;
			overflow: hidden;
		  }
		  iframe {
			width: 100%;
			height: 100%;
			border: 0;
		  }
		</style>
	  </head>
	  <body>
		<iframe src="//www.herokucdn.com/error-pages/no-such-app.html"></iframe>
	  </body>
	</html>
[2018-10-19T17:55:31.208] [INFO] Brew_pub - <!DOCTYPE html>
	<html>
	  <head>
		<meta name="viewport" content="width=device-width, initial-scale=1">
		<meta charset="utf-8">
		<title>No such app</title>
		<style media="screen">
		  html,body,iframe {
			margin: 0;
			padding: 0;
		  }
		  html,body {
			height: 100%;
			overflow: hidden;
		  }
		  iframe {
			width: 100%;
			height: 100%;
			border: 0;
		  }
		</style>
	  </head>
	  <body>
		<iframe src="//www.herokucdn.com/error-pages/no-such-app.html"></iframe>
	  </body>
	</html>
[2018-10-19T17:56:31.188] [INFO] Brew_pub - <!DOCTYPE html>
	<html>
	  <head>
		<meta name="viewport" content="width=device-width, initial-scale=1">
		<meta charset="utf-8">
		<title>No such app</title>
		<style media="screen">
		  html,body,iframe {
			margin: 0;
			padding: 0;
		  }
		  html,body {
			height: 100%;
			overflow: hidden;
		  }
		  iframe {
			width: 100%;
			height: 100%;
			border: 0;
		  }
		</style>
	  </head>
	  <body>
		<iframe src="//www.herokucdn.com/error-pages/no-such-app.html"></iframe>
	  </body>
	</html>
[2018-10-19T17:57:31.283] [INFO] Brew_pub - <!DOCTYPE html>
	<html>
	  <head>
		<meta name="viewport" content="width=device-width, initial-scale=1">
		<meta charset="utf-8">
		<title>No such app</title>
		<style media="screen">
		  html,body,iframe {
			margin: 0;
			padding: 0;
		  }
		  html,body {
			height: 100%;
			overflow: hidden;
		  }
		  iframe {
			width: 100%;
			height: 100%;
			border: 0;
		  }
		</style>
	  </head>
	  <body>
		<iframe src="//www.herokucdn.com/error-pages/no-such-app.html"></iframe>
	  </body>
	</html>
[2018-10-19T17:58:31.188] [INFO] Brew_pub - <!DOCTYPE html>
	<html>
	  <head>
		<meta name="viewport" content="width=device-width, initial-scale=1">
		<meta charset="utf-8">
		<title>No such app</title>
		<style media="screen">
		  html,body,iframe {
			margin: 0;
			padding: 0;
		  }
		  html,body {
			height: 100%;
			overflow: hidden;
		  }
		  iframe {
			width: 100%;
			height: 100%;
			border: 0;
		  }
		</style>
	  </head>
	  <body>
		<iframe src="//www.herokucdn.com/error-pages/no-such-app.html"></iframe>
	  </body>
	</html>
[2018-10-19T17:59:31.234] [INFO] Brew_pub - <!DOCTYPE html>
	<html>
	  <head>
		<meta name="viewport" content="width=device-width, initial-scale=1">
		<meta charset="utf-8">
		<title>No such app</title>
		<style media="screen">
		  html,body,iframe {
			margin: 0;
			padding: 0;
		  }
		  html,body {
			height: 100%;
			overflow: hidden;
		  }
		  iframe {
			width: 100%;
			height: 100%;
			border: 0;
		  }
		</style>
	  </head>
	  <body>
		<iframe src="//www.herokucdn.com/error-pages/no-such-app.html"></iframe>
	  </body>
	</html>
[2018-10-19T18:00:31.397] [INFO] Brew_pub - <!DOCTYPE html>
	<html>
	  <head>
		<meta name="viewport" content="width=device-width, initial-scale=1">
		<meta charset="utf-8">
		<title>No such app</title>
		<style media="screen">
		  html,body,iframe {
			margin: 0;
			padding: 0;
		  }
		  html,body {
			height: 100%;
			overflow: hidden;
		  }
		  iframe {
			width: 100%;
			height: 100%;
			border: 0;
		  }
		</style>
	  </head>
	  <body>
		<iframe src="//www.herokucdn.com/error-pages/no-such-app.html"></iframe>
	  </body>
	</html>
[2018-10-19T18:01:31.237] [INFO] Brew_pub - <!DOCTYPE html>
	<html>
	  <head>
		<meta name="viewport" content="width=device-width, initial-scale=1">
		<meta charset="utf-8">
		<title>No such app</title>
		<style media="screen">
		  html,body,iframe {
			margin: 0;
			padding: 0;
		  }
		  html,body {
			height: 100%;
			overflow: hidden;
		  }
		  iframe {
			width: 100%;
			height: 100%;
			border: 0;
		  }
		</style>
	  </head>
	  <body>
		<iframe src="//www.herokucdn.com/error-pages/no-such-app.html"></iframe>
	  </body>
	</html>
[2018-10-19T18:02:31.016] [INFO] Brew_pub - <!DOCTYPE html>
	<html>
	  <head>
		<meta name="viewport" content="width=device-width, initial-scale=1">
		<meta charset="utf-8">
		<title>No such app</title>
		<style media="screen">
		  html,body,iframe {
			margin: 0;
			padding: 0;
		  }
		  html,body {
			height: 100%;
			overflow: hidden;
		  }
		  iframe {
			width: 100%;
			height: 100%;
			border: 0;
		  }
		</style>
	  </head>
	  <body>
		<iframe src="//www.herokucdn.com/error-pages/no-such-app.html"></iframe>
	  </body>
	</html>
[2018-10-19T18:03:31.096] [INFO] Brew_pub - <!DOCTYPE html>
	<html>
	  <head>
		<meta name="viewport" content="width=device-width, initial-scale=1">
		<meta charset="utf-8">
		<title>No such app</title>
		<style media="screen">
		  html,body,iframe {
			margin: 0;
			padding: 0;
		  }
		  html,body {
			height: 100%;
			overflow: hidden;
		  }
		  iframe {
			width: 100%;
			height: 100%;
			border: 0;
		  }
		</style>
	  </head>
	  <body>
		<iframe src="//www.herokucdn.com/error-pages/no-such-app.html"></iframe>
	  </body>
	</html>
[2018-10-19T18:04:31.309] [INFO] Brew_pub - <!DOCTYPE html>
	<html>
	  <head>
		<meta name="viewport" content="width=device-width, initial-scale=1">
		<meta charset="utf-8">
		<title>No such app</title>
		<style media="screen">
		  html,body,iframe {
			margin: 0;
			padding: 0;
		  }
		  html,body {
			height: 100%;
			overflow: hidden;
		  }
		  iframe {
			width: 100%;
			height: 100%;
			border: 0;
		  }
		</style>
	  </head>
	  <body>
		<iframe src="//www.herokucdn.com/error-pages/no-such-app.html"></iframe>
	  </body>
	</html>
[2018-10-19T18:06:31.302] [INFO] Brew_pub - <!DOCTYPE html>
	<html>
	  <head>
		<meta name="viewport" content="width=device-width, initial-scale=1">
		<meta charset="utf-8">
		<title>No such app</title>
		<style media="screen">
		  html,body,iframe {
			margin: 0;
			padding: 0;
		  }
		  html,body {
			height: 100%;
			overflow: hidden;
		  }
		  iframe {
			width: 100%;
			height: 100%;
			border: 0;
		  }
		</style>
	  </head>
	  <body>
		<iframe src="//www.herokucdn.com/error-pages/no-such-app.html"></iframe>
	  </body>
	</html>
[2018-10-19T18:07:31.256] [INFO] Brew_pub - <!DOCTYPE html>
	<html>
	  <head>
		<meta name="viewport" content="width=device-width, initial-scale=1">
		<meta charset="utf-8">
		<title>No such app</title>
		<style media="screen">
		  html,body,iframe {
			margin: 0;
			padding: 0;
		  }
		  html,body {
			height: 100%;
			overflow: hidden;
		  }
		  iframe {
			width: 100%;
			height: 100%;
			border: 0;
		  }
		</style>
	  </head>
	  <body>
		<iframe src="//www.herokucdn.com/error-pages/no-such-app.html"></iframe>
	  </body>
	</html>
[2018-10-19T18:08:31.257] [INFO] Brew_pub - <!DOCTYPE html>
	<html>
	  <head>
		<meta name="viewport" content="width=device-width, initial-scale=1">
		<meta charset="utf-8">
		<title>No such app</title>
		<style media="screen">
		  html,body,iframe {
			margin: 0;
			padding: 0;
		  }
		  html,body {
			height: 100%;
			overflow: hidden;
		  }
		  iframe {
			width: 100%;
			height: 100%;
			border: 0;
		  }
		</style>
	  </head>
	  <body>
		<iframe src="//www.herokucdn.com/error-pages/no-such-app.html"></iframe>
	  </body>
	</html>
[2018-10-19T18:09:31.182] [INFO] Brew_pub - <!DOCTYPE html>
	<html>
	  <head>
		<meta name="viewport" content="width=device-width, initial-scale=1">
		<meta charset="utf-8">
		<title>No such app</title>
		<style media="screen">
		  html,body,iframe {
			margin: 0;
			padding: 0;
		  }
		  html,body {
			height: 100%;
			overflow: hidden;
		  }
		  iframe {
			width: 100%;
			height: 100%;
			border: 0;
		  }
		</style>
	  </head>
	  <body>
		<iframe src="//www.herokucdn.com/error-pages/no-such-app.html"></iframe>
	  </body>
	</html>
[2018-10-19T18:10:31.277] [INFO] Brew_pub - <!DOCTYPE html>
	<html>
	  <head>
		<meta name="viewport" content="width=device-width, initial-scale=1">
		<meta charset="utf-8">
		<title>No such app</title>
		<style media="screen">
		  html,body,iframe {
			margin: 0;
			padding: 0;
		  }
		  html,body {
			height: 100%;
			overflow: hidden;
		  }
		  iframe {
			width: 100%;
			height: 100%;
			border: 0;
		  }
		</style>
	  </head>
	  <body>
		<iframe src="//www.herokucdn.com/error-pages/no-such-app.html"></iframe>
	  </body>
	</html>
[2018-10-19T18:11:31.458] [INFO] Brew_pub - <!DOCTYPE html>
	<html>
	  <head>
		<meta name="viewport" content="width=device-width, initial-scale=1">
		<meta charset="utf-8">
		<title>No such app</title>
		<style media="screen">
		  html,body,iframe {
			margin: 0;
			padding: 0;
		  }
		  html,body {
			height: 100%;
			overflow: hidden;
		  }
		  iframe {
			width: 100%;
			height: 100%;
			border: 0;
		  }
		</style>
	  </head>
	  <body>
		<iframe src="//www.herokucdn.com/error-pages/no-such-app.html"></iframe>
	  </body>
	</html>
[2018-10-19T18:12:31.269] [INFO] Brew_pub - <!DOCTYPE html>
	<html>
	  <head>
		<meta name="viewport" content="width=device-width, initial-scale=1">
		<meta charset="utf-8">
		<title>No such app</title>
		<style media="screen">
		  html,body,iframe {
			margin: 0;
			padding: 0;
		  }
		  html,body {
			height: 100%;
			overflow: hidden;
		  }
		  iframe {
			width: 100%;
			height: 100%;
			border: 0;
		  }
		</style>
	  </head>
	  <body>
		<iframe src="//www.herokucdn.com/error-pages/no-such-app.html"></iframe>
	  </body>
	</html>
[2018-10-19T18:13:31.220] [INFO] Brew_pub - <!DOCTYPE html>
	<html>
	  <head>
		<meta name="viewport" content="width=device-width, initial-scale=1">
		<meta charset="utf-8">
		<title>No such app</title>
		<style media="screen">
		  html,body,iframe {
			margin: 0;
			padding: 0;
		  }
		  html,body {
			height: 100%;
			overflow: hidden;
		  }
		  iframe {
			width: 100%;
			height: 100%;
			border: 0;
		  }
		</style>
	  </head>
	  <body>
		<iframe src="//www.herokucdn.com/error-pages/no-such-app.html"></iframe>
	  </body>
	</html>
[2018-10-19T18:14:31.241] [INFO] Brew_pub - <!DOCTYPE html>
	<html>
	  <head>
		<meta name="viewport" content="width=device-width, initial-scale=1">
		<meta charset="utf-8">
		<title>No such app</title>
		<style media="screen">
		  html,body,iframe {
			margin: 0;
			padding: 0;
		  }
		  html,body {
			height: 100%;
			overflow: hidden;
		  }
		  iframe {
			width: 100%;
			height: 100%;
			border: 0;
		  }
		</style>
	  </head>
	  <body>
		<iframe src="//www.herokucdn.com/error-pages/no-such-app.html"></iframe>
	  </body>
	</html>
[2018-10-19T18:15:31.140] [INFO] Brew_pub - <!DOCTYPE html>
	<html>
	  <head>
		<meta name="viewport" content="width=device-width, initial-scale=1">
		<meta charset="utf-8">
		<title>No such app</title>
		<style media="screen">
		  html,body,iframe {
			margin: 0;
			padding: 0;
		  }
		  html,body {
			height: 100%;
			overflow: hidden;
		  }
		  iframe {
			width: 100%;
			height: 100%;
			border: 0;
		  }
		</style>
	  </head>
	  <body>
		<iframe src="//www.herokucdn.com/error-pages/no-such-app.html"></iframe>
	  </body>
	</html>
[2018-10-19T18:16:31.098] [INFO] Brew_pub - <!DOCTYPE html>
	<html>
	  <head>
		<meta name="viewport" content="width=device-width, initial-scale=1">
		<meta charset="utf-8">
		<title>No such app</title>
		<style media="screen">
		  html,body,iframe {
			margin: 0;
			padding: 0;
		  }
		  html,body {
			height: 100%;
			overflow: hidden;
		  }
		  iframe {
			width: 100%;
			height: 100%;
			border: 0;
		  }
		</style>
	  </head>
	  <body>
		<iframe src="//www.herokucdn.com/error-pages/no-such-app.html"></iframe>
	  </body>
	</html>
[2018-10-19T18:17:31.310] [INFO] Brew_pub - <!DOCTYPE html>
	<html>
	  <head>
		<meta name="viewport" content="width=device-width, initial-scale=1">
		<meta charset="utf-8">
		<title>No such app</title>
		<style media="screen">
		  html,body,iframe {
			margin: 0;
			padding: 0;
		  }
		  html,body {
			height: 100%;
			overflow: hidden;
		  }
		  iframe {
			width: 100%;
			height: 100%;
			border: 0;
		  }
		</style>
	  </head>
	  <body>
		<iframe src="//www.herokucdn.com/error-pages/no-such-app.html"></iframe>
	  </body>
	</html>
[2018-10-19T18:18:31.193] [INFO] Brew_pub - <!DOCTYPE html>
	<html>
	  <head>
		<meta name="viewport" content="width=device-width, initial-scale=1">
		<meta charset="utf-8">
		<title>No such app</title>
		<style media="screen">
		  html,body,iframe {
			margin: 0;
			padding: 0;
		  }
		  html,body {
			height: 100%;
			overflow: hidden;
		  }
		  iframe {
			width: 100%;
			height: 100%;
			border: 0;
		  }
		</style>
	  </head>
	  <body>
		<iframe src="//www.herokucdn.com/error-pages/no-such-app.html"></iframe>
	  </body>
	</html>
[2018-10-19T18:19:31.066] [INFO] Brew_pub - <!DOCTYPE html>
	<html>
	  <head>
		<meta name="viewport" content="width=device-width, initial-scale=1">
		<meta charset="utf-8">
		<title>No such app</title>
		<style media="screen">
		  html,body,iframe {
			margin: 0;
			padding: 0;
		  }
		  html,body {
			height: 100%;
			overflow: hidden;
		  }
		  iframe {
			width: 100%;
			height: 100%;
			border: 0;
		  }
		</style>
	  </head>
	  <body>
		<iframe src="//www.herokucdn.com/error-pages/no-such-app.html"></iframe>
	  </body>
	</html>
[2018-10-19T18:20:31.104] [INFO] Brew_pub - <!DOCTYPE html>
	<html>
	  <head>
		<meta name="viewport" content="width=device-width, initial-scale=1">
		<meta charset="utf-8">
		<title>No such app</title>
		<style media="screen">
		  html,body,iframe {
			margin: 0;
			padding: 0;
		  }
		  html,body {
			height: 100%;
			overflow: hidden;
		  }
		  iframe {
			width: 100%;
			height: 100%;
			border: 0;
		  }
		</style>
	  </head>
	  <body>
		<iframe src="//www.herokucdn.com/error-pages/no-such-app.html"></iframe>
	  </body>
	</html>
[2018-10-19T18:21:31.408] [INFO] Brew_pub - <!DOCTYPE html>
	<html>
	  <head>
		<meta name="viewport" content="width=device-width, initial-scale=1">
		<meta charset="utf-8">
		<title>No such app</title>
		<style media="screen">
		  html,body,iframe {
			margin: 0;
			padding: 0;
		  }
		  html,body {
			height: 100%;
			overflow: hidden;
		  }
		  iframe {
			width: 100%;
			height: 100%;
			border: 0;
		  }
		</style>
	  </head>
	  <body>
		<iframe src="//www.herokucdn.com/error-pages/no-such-app.html"></iframe>
	  </body>
	</html>
[2018-10-19T18:22:31.288] [INFO] Brew_pub - <!DOCTYPE html>
	<html>
	  <head>
		<meta name="viewport" content="width=device-width, initial-scale=1">
		<meta charset="utf-8">
		<title>No such app</title>
		<style media="screen">
		  html,body,iframe {
			margin: 0;
			padding: 0;
		  }
		  html,body {
			height: 100%;
			overflow: hidden;
		  }
		  iframe {
			width: 100%;
			height: 100%;
			border: 0;
		  }
		</style>
	  </head>
	  <body>
		<iframe src="//www.herokucdn.com/error-pages/no-such-app.html"></iframe>
	  </body>
	</html>
[2018-10-19T18:23:31.238] [INFO] Brew_pub - <!DOCTYPE html>
	<html>
	  <head>
		<meta name="viewport" content="width=device-width, initial-scale=1">
		<meta charset="utf-8">
		<title>No such app</title>
		<style media="screen">
		  html,body,iframe {
			margin: 0;
			padding: 0;
		  }
		  html,body {
			height: 100%;
			overflow: hidden;
		  }
		  iframe {
			width: 100%;
			height: 100%;
			border: 0;
		  }
		</style>
	  </head>
	  <body>
		<iframe src="//www.herokucdn.com/error-pages/no-such-app.html"></iframe>
	  </body>
	</html>
[2018-10-19T18:24:31.230] [INFO] Brew_pub - <!DOCTYPE html>
	<html>
	  <head>
		<meta name="viewport" content="width=device-width, initial-scale=1">
		<meta charset="utf-8">
		<title>No such app</title>
		<style media="screen">
		  html,body,iframe {
			margin: 0;
			padding: 0;
		  }
		  html,body {
			height: 100%;
			overflow: hidden;
		  }
		  iframe {
			width: 100%;
			height: 100%;
			border: 0;
		  }
		</style>
	  </head>
	  <body>
		<iframe src="//www.herokucdn.com/error-pages/no-such-app.html"></iframe>
	  </body>
	</html>
[2018-10-19T18:25:31.233] [INFO] Brew_pub - <!DOCTYPE html>
	<html>
	  <head>
		<meta name="viewport" content="width=device-width, initial-scale=1">
		<meta charset="utf-8">
		<title>No such app</title>
		<style media="screen">
		  html,body,iframe {
			margin: 0;
			padding: 0;
		  }
		  html,body {
			height: 100%;
			overflow: hidden;
		  }
		  iframe {
			width: 100%;
			height: 100%;
			border: 0;
		  }
		</style>
	  </head>
	  <body>
		<iframe src="//www.herokucdn.com/error-pages/no-such-app.html"></iframe>
	  </body>
	</html>
[2018-10-19T18:26:31.440] [INFO] Brew_pub - <!DOCTYPE html>
	<html>
	  <head>
		<meta name="viewport" content="width=device-width, initial-scale=1">
		<meta charset="utf-8">
		<title>No such app</title>
		<style media="screen">
		  html,body,iframe {
			margin: 0;
			padding: 0;
		  }
		  html,body {
			height: 100%;
			overflow: hidden;
		  }
		  iframe {
			width: 100%;
			height: 100%;
			border: 0;
		  }
		</style>
	  </head>
	  <body>
		<iframe src="//www.herokucdn.com/error-pages/no-such-app.html"></iframe>
	  </body>
	</html>
[2018-10-19T18:27:31.256] [INFO] Brew_pub - <!DOCTYPE html>
	<html>
	  <head>
		<meta name="viewport" content="width=device-width, initial-scale=1">
		<meta charset="utf-8">
		<title>No such app</title>
		<style media="screen">
		  html,body,iframe {
			margin: 0;
			padding: 0;
		  }
		  html,body {
			height: 100%;
			overflow: hidden;
		  }
		  iframe {
			width: 100%;
			height: 100%;
			border: 0;
		  }
		</style>
	  </head>
	  <body>
		<iframe src="//www.herokucdn.com/error-pages/no-such-app.html"></iframe>
	  </body>
	</html>
[2018-10-19T18:28:31.253] [INFO] Brew_pub - <!DOCTYPE html>
	<html>
	  <head>
		<meta name="viewport" content="width=device-width, initial-scale=1">
		<meta charset="utf-8">
		<title>No such app</title>
		<style media="screen">
		  html,body,iframe {
			margin: 0;
			padding: 0;
		  }
		  html,body {
			height: 100%;
			overflow: hidden;
		  }
		  iframe {
			width: 100%;
			height: 100%;
			border: 0;
		  }
		</style>
	  </head>
	  <body>
		<iframe src="//www.herokucdn.com/error-pages/no-such-app.html"></iframe>
	  </body>
	</html>
[2018-10-19T18:29:31.150] [INFO] Brew_pub - <!DOCTYPE html>
	<html>
	  <head>
		<meta name="viewport" content="width=device-width, initial-scale=1">
		<meta charset="utf-8">
		<title>No such app</title>
		<style media="screen">
		  html,body,iframe {
			margin: 0;
			padding: 0;
		  }
		  html,body {
			height: 100%;
			overflow: hidden;
		  }
		  iframe {
			width: 100%;
			height: 100%;
			border: 0;
		  }
		</style>
	  </head>
	  <body>
		<iframe src="//www.herokucdn.com/error-pages/no-such-app.html"></iframe>
	  </body>
	</html>
[2018-10-19T18:30:31.254] [INFO] Brew_pub - <!DOCTYPE html>
	<html>
	  <head>
		<meta name="viewport" content="width=device-width, initial-scale=1">
		<meta charset="utf-8">
		<title>No such app</title>
		<style media="screen">
		  html,body,iframe {
			margin: 0;
			padding: 0;
		  }
		  html,body {
			height: 100%;
			overflow: hidden;
		  }
		  iframe {
			width: 100%;
			height: 100%;
			border: 0;
		  }
		</style>
	  </head>
	  <body>
		<iframe src="//www.herokucdn.com/error-pages/no-such-app.html"></iframe>
	  </body>
	</html>
[2018-10-19T18:31:31.412] [INFO] Brew_pub - <!DOCTYPE html>
	<html>
	  <head>
		<meta name="viewport" content="width=device-width, initial-scale=1">
		<meta charset="utf-8">
		<title>No such app</title>
		<style media="screen">
		  html,body,iframe {
			margin: 0;
			padding: 0;
		  }
		  html,body {
			height: 100%;
			overflow: hidden;
		  }
		  iframe {
			width: 100%;
			height: 100%;
			border: 0;
		  }
		</style>
	  </head>
	  <body>
		<iframe src="//www.herokucdn.com/error-pages/no-such-app.html"></iframe>
	  </body>
	</html>
[2018-10-19T18:32:31.252] [INFO] Brew_pub - <!DOCTYPE html>
	<html>
	  <head>
		<meta name="viewport" content="width=device-width, initial-scale=1">
		<meta charset="utf-8">
		<title>No such app</title>
		<style media="screen">
		  html,body,iframe {
			margin: 0;
			padding: 0;
		  }
		  html,body {
			height: 100%;
			overflow: hidden;
		  }
		  iframe {
			width: 100%;
			height: 100%;
			border: 0;
		  }
		</style>
	  </head>
	  <body>
		<iframe src="//www.herokucdn.com/error-pages/no-such-app.html"></iframe>
	  </body>
	</html>
[2018-10-19T18:33:31.227] [INFO] Brew_pub - <!DOCTYPE html>
	<html>
	  <head>
		<meta name="viewport" content="width=device-width, initial-scale=1">
		<meta charset="utf-8">
		<title>No such app</title>
		<style media="screen">
		  html,body,iframe {
			margin: 0;
			padding: 0;
		  }
		  html,body {
			height: 100%;
			overflow: hidden;
		  }
		  iframe {
			width: 100%;
			height: 100%;
			border: 0;
		  }
		</style>
	  </head>
	  <body>
		<iframe src="//www.herokucdn.com/error-pages/no-such-app.html"></iframe>
	  </body>
	</html>
[2018-10-19T18:34:31.125] [INFO] Brew_pub - <!DOCTYPE html>
	<html>
	  <head>
		<meta name="viewport" content="width=device-width, initial-scale=1">
		<meta charset="utf-8">
		<title>No such app</title>
		<style media="screen">
		  html,body,iframe {
			margin: 0;
			padding: 0;
		  }
		  html,body {
			height: 100%;
			overflow: hidden;
		  }
		  iframe {
			width: 100%;
			height: 100%;
			border: 0;
		  }
		</style>
	  </head>
	  <body>
		<iframe src="//www.herokucdn.com/error-pages/no-such-app.html"></iframe>
	  </body>
	</html>
[2018-10-19T18:35:31.303] [INFO] Brew_pub - <!DOCTYPE html>
	<html>
	  <head>
		<meta name="viewport" content="width=device-width, initial-scale=1">
		<meta charset="utf-8">
		<title>No such app</title>
		<style media="screen">
		  html,body,iframe {
			margin: 0;
			padding: 0;
		  }
		  html,body {
			height: 100%;
			overflow: hidden;
		  }
		  iframe {
			width: 100%;
			height: 100%;
			border: 0;
		  }
		</style>
	  </head>
	  <body>
		<iframe src="//www.herokucdn.com/error-pages/no-such-app.html"></iframe>
	  </body>
	</html>
[2018-10-19T18:36:31.377] [INFO] Brew_pub - <!DOCTYPE html>
	<html>
	  <head>
		<meta name="viewport" content="width=device-width, initial-scale=1">
		<meta charset="utf-8">
		<title>No such app</title>
		<style media="screen">
		  html,body,iframe {
			margin: 0;
			padding: 0;
		  }
		  html,body {
			height: 100%;
			overflow: hidden;
		  }
		  iframe {
			width: 100%;
			height: 100%;
			border: 0;
		  }
		</style>
	  </head>
	  <body>
		<iframe src="//www.herokucdn.com/error-pages/no-such-app.html"></iframe>
	  </body>
	</html>
[2018-10-19T18:37:31.269] [INFO] Brew_pub - <!DOCTYPE html>
	<html>
	  <head>
		<meta name="viewport" content="width=device-width, initial-scale=1">
		<meta charset="utf-8">
		<title>No such app</title>
		<style media="screen">
		  html,body,iframe {
			margin: 0;
			padding: 0;
		  }
		  html,body {
			height: 100%;
			overflow: hidden;
		  }
		  iframe {
			width: 100%;
			height: 100%;
			border: 0;
		  }
		</style>
	  </head>
	  <body>
		<iframe src="//www.herokucdn.com/error-pages/no-such-app.html"></iframe>
	  </body>
	</html>
[2018-10-19T18:38:31.236] [INFO] Brew_pub - <!DOCTYPE html>
	<html>
	  <head>
		<meta name="viewport" content="width=device-width, initial-scale=1">
		<meta charset="utf-8">
		<title>No such app</title>
		<style media="screen">
		  html,body,iframe {
			margin: 0;
			padding: 0;
		  }
		  html,body {
			height: 100%;
			overflow: hidden;
		  }
		  iframe {
			width: 100%;
			height: 100%;
			border: 0;
		  }
		</style>
	  </head>
	  <body>
		<iframe src="//www.herokucdn.com/error-pages/no-such-app.html"></iframe>
	  </body>
	</html>
[2018-10-19T18:39:31.198] [INFO] Brew_pub - <!DOCTYPE html>
	<html>
	  <head>
		<meta name="viewport" content="width=device-width, initial-scale=1">
		<meta charset="utf-8">
		<title>No such app</title>
		<style media="screen">
		  html,body,iframe {
			margin: 0;
			padding: 0;
		  }
		  html,body {
			height: 100%;
			overflow: hidden;
		  }
		  iframe {
			width: 100%;
			height: 100%;
			border: 0;
		  }
		</style>
	  </head>
	  <body>
		<iframe src="//www.herokucdn.com/error-pages/no-such-app.html"></iframe>
	  </body>
	</html>
[2018-10-19T18:40:31.229] [INFO] Brew_pub - <!DOCTYPE html>
	<html>
	  <head>
		<meta name="viewport" content="width=device-width, initial-scale=1">
		<meta charset="utf-8">
		<title>No such app</title>
		<style media="screen">
		  html,body,iframe {
			margin: 0;
			padding: 0;
		  }
		  html,body {
			height: 100%;
			overflow: hidden;
		  }
		  iframe {
			width: 100%;
			height: 100%;
			border: 0;
		  }
		</style>
	  </head>
	  <body>
		<iframe src="//www.herokucdn.com/error-pages/no-such-app.html"></iframe>
	  </body>
	</html>
[2018-10-19T18:41:31.303] [INFO] Brew_pub - <!DOCTYPE html>
	<html>
	  <head>
		<meta name="viewport" content="width=device-width, initial-scale=1">
		<meta charset="utf-8">
		<title>No such app</title>
		<style media="screen">
		  html,body,iframe {
			margin: 0;
			padding: 0;
		  }
		  html,body {
			height: 100%;
			overflow: hidden;
		  }
		  iframe {
			width: 100%;
			height: 100%;
			border: 0;
		  }
		</style>
	  </head>
	  <body>
		<iframe src="//www.herokucdn.com/error-pages/no-such-app.html"></iframe>
	  </body>
	</html>
[2018-10-19T18:42:31.220] [INFO] Brew_pub - <!DOCTYPE html>
	<html>
	  <head>
		<meta name="viewport" content="width=device-width, initial-scale=1">
		<meta charset="utf-8">
		<title>No such app</title>
		<style media="screen">
		  html,body,iframe {
			margin: 0;
			padding: 0;
		  }
		  html,body {
			height: 100%;
			overflow: hidden;
		  }
		  iframe {
			width: 100%;
			height: 100%;
			border: 0;
		  }
		</style>
	  </head>
	  <body>
		<iframe src="//www.herokucdn.com/error-pages/no-such-app.html"></iframe>
	  </body>
	</html>
